<?xml version="1.0" encoding="utf-8"?><testsuites><testsuite name="pytest" errors="0" failures="0" skipped="0" tests="3" time="149.130" timestamp="2023-06-19T23:25:12.382074" hostname="DESKTOP-TMMFLV5"><testcase classname="test_HomePage.TestHomePage" name="test_formSubmission[getData0]" time="120.703" /><testcase classname="test_HomePage.TestHomePage" name="test_formSubmission[getData1]" time="1.093" /><testcase classname="test_e2e.TestOne" name="test_e2e" time="26.674" /></testsuite></testsuites>